<?xml version="1.0" encoding="UTF-8"?>
<testsuite name="be.cegeka.movierental.CustomerTest" tests="7" skipped="0" failures="0" errors="0" timestamp="2020-01-30T13:02:56" hostname="u183769" time="0.045">
  <properties/>
  <testcase name="statementForRegularMovie" classname="be.cegeka.movierental.CustomerTest" time="0.041"/>
  <testcase name="statementForManyMovies" classname="be.cegeka.movierental.CustomerTest" time="0.0"/>
  <testcase name="statementForChildrensMovie" classname="be.cegeka.movierental.CustomerTest" time="0.0"/>
  <testcase name="getName" classname="be.cegeka.movierental.CustomerTest" time="0.0"/>
  <testcase name="addRental" classname="be.cegeka.movierental.CustomerTest" time="0.0"/>
  <testcase name="customer" classname="be.cegeka.movierental.CustomerTest" time="0.001"/>
  <testcase name="statementForNewReleaseMovie" classname="be.cegeka.movierental.CustomerTest" time="0.0"/>
  <system-out><![CDATA[]]></system-out>
  <system-err><![CDATA[]]></system-err>
</testsuite>
